  source.cpp
C:\Users\user\source\repos\slooonya\Obstacle-Course-Racing-Game\Obstacle-Course-Racing-Game\source.cpp(57,19): warning C4305: 'initializing': truncation from 'double' to 'GLfloat'
C:\Users\user\source\repos\slooonya\Obstacle-Course-Racing-Game\Obstacle-Course-Racing-Game\source.cpp(60,19): warning C4305: 'initializing': truncation from 'double' to 'GLfloat'
C:\Users\user\source\repos\slooonya\Obstacle-Course-Racing-Game\Obstacle-Course-Racing-Game\source.cpp(258,25): warning C4305: '+=': truncation from 'double' to 'GLfloat'
C:\Users\user\source\repos\slooonya\Obstacle-Course-Racing-Game\Obstacle-Course-Racing-Game\source.cpp(268,25): warning C4305: '-=': truncation from 'double' to 'GLfloat'
C:\Users\user\source\repos\slooonya\Obstacle-Course-Racing-Game\Obstacle-Course-Racing-Game\source.cpp(303,24): warning C4305: '+=': truncation from 'double' to 'GLfloat'
C:\Users\user\source\repos\slooonya\Obstacle-Course-Racing-Game\Obstacle-Course-Racing-Game\source.cpp(307,24): warning C4305: '-=': truncation from 'double' to 'GLfloat'
C:\Users\user\source\repos\slooonya\Obstacle-Course-Racing-Game\Obstacle-Course-Racing-Game\source.cpp(663,23): warning C4244: 'initializing': conversion from 'double' to 'GLfloat', possible loss of data
C:\Users\user\source\repos\slooonya\Obstacle-Course-Racing-Game\Obstacle-Course-Racing-Game\source.cpp(676,23): warning C4244: 'initializing': conversion from 'double' to 'GLfloat', possible loss of data
C:\Users\user\source\repos\slooonya\Obstacle-Course-Racing-Game\Obstacle-Course-Racing-Game\source.cpp(817,49): warning C4244: 'argument': conversion from 'int' to 'GLfloat', possible loss of data
C:\Users\user\source\repos\slooonya\Obstacle-Course-Racing-Game\Obstacle-Course-Racing-Game\source.cpp(818,54): warning C4244: 'argument': conversion from 'int' to 'GLfloat', possible loss of data
C:\Users\user\source\repos\slooonya\Obstacle-Course-Racing-Game\Obstacle-Course-Racing-Game\source.cpp(830,19): warning C4305: 'argument': truncation from 'double' to 'GLfloat'
C:\Users\user\source\repos\slooonya\Obstacle-Course-Racing-Game\Obstacle-Course-Racing-Game\source.cpp(830,14): warning C4305: 'argument': truncation from 'double' to 'GLfloat'
C:\Users\user\source\repos\slooonya\Obstacle-Course-Racing-Game\Obstacle-Course-Racing-Game\source.cpp(839,24): warning C4305: 'argument': truncation from 'double' to 'GLfloat'
C:\Users\user\source\repos\slooonya\Obstacle-Course-Racing-Game\Obstacle-Course-Racing-Game\source.cpp(839,19): warning C4305: 'argument': truncation from 'double' to 'GLfloat'
C:\Users\user\source\repos\slooonya\Obstacle-Course-Racing-Game\Obstacle-Course-Racing-Game\source.cpp(839,14): warning C4305: 'argument': truncation from 'double' to 'GLfloat'
C:\Users\user\source\repos\slooonya\Obstacle-Course-Racing-Game\Obstacle-Course-Racing-Game\source.cpp(848,26): warning C4305: 'argument': truncation from 'double' to 'GLfloat'
C:\Users\user\source\repos\slooonya\Obstacle-Course-Racing-Game\Obstacle-Course-Racing-Game\source.cpp(849,28): warning C4305: 'argument': truncation from 'double' to 'GLfloat'
C:\Users\user\source\repos\slooonya\Obstacle-Course-Racing-Game\Obstacle-Course-Racing-Game\source.cpp(850,28): warning C4305: 'argument': truncation from 'double' to 'GLfloat'
C:\Users\user\source\repos\slooonya\Obstacle-Course-Racing-Game\Obstacle-Course-Racing-Game\source.cpp(851,30): warning C4305: 'argument': truncation from 'double' to 'GLfloat'
C:\Users\user\source\repos\slooonya\Obstacle-Course-Racing-Game\Obstacle-Course-Racing-Game\source.cpp(854,27): warning C4305: 'argument': truncation from 'double' to 'GLfloat'
C:\Users\user\source\repos\slooonya\Obstacle-Course-Racing-Game\Obstacle-Course-Racing-Game\source.cpp(855,29): warning C4305: 'argument': truncation from 'double' to 'GLfloat'
C:\Users\user\source\repos\slooonya\Obstacle-Course-Racing-Game\Obstacle-Course-Racing-Game\source.cpp(856,29): warning C4305: 'argument': truncation from 'double' to 'GLfloat'
C:\Users\user\source\repos\slooonya\Obstacle-Course-Racing-Game\Obstacle-Course-Racing-Game\source.cpp(857,31): warning C4305: 'argument': truncation from 'double' to 'GLfloat'
C:\Users\user\source\repos\slooonya\Obstacle-Course-Racing-Game\Obstacle-Course-Racing-Game\source.cpp(868,19): warning C4305: 'argument': truncation from 'double' to 'GLfloat'
C:\Users\user\source\repos\slooonya\Obstacle-Course-Racing-Game\Obstacle-Course-Racing-Game\source.cpp(868,14): warning C4305: 'argument': truncation from 'double' to 'GLfloat'
C:\Users\user\source\repos\slooonya\Obstacle-Course-Racing-Game\Obstacle-Course-Racing-Game\source.cpp(895,23): warning C4244: 'initializing': conversion from 'double' to 'GLfloat', possible loss of data
C:\Users\user\source\repos\slooonya\Obstacle-Course-Racing-Game\Obstacle-Course-Racing-Game\source.cpp(948,25): warning C4305: 'argument': truncation from 'double' to 'GLfloat'
C:\Users\user\source\repos\slooonya\Obstacle-Course-Racing-Game\Obstacle-Course-Racing-Game\source.cpp(948,14): warning C4305: 'argument': truncation from 'double' to 'GLfloat'
C:\Users\user\source\repos\slooonya\Obstacle-Course-Racing-Game\Obstacle-Course-Racing-Game\source.cpp(1093,40): warning C4244: 'argument': conversion from 'double' to 'GLfloat', possible loss of data
C:\Users\user\source\repos\slooonya\Obstacle-Course-Racing-Game\Obstacle-Course-Racing-Game\source.cpp(1210,24): warning C4305: 'argument': truncation from 'double' to 'GLfloat'
C:\Users\user\source\repos\slooonya\Obstacle-Course-Racing-Game\Obstacle-Course-Racing-Game\source.cpp(1210,19): warning C4305: 'argument': truncation from 'double' to 'GLfloat'
C:\Users\user\source\repos\slooonya\Obstacle-Course-Racing-Game\Obstacle-Course-Racing-Game\source.cpp(1210,14): warning C4305: 'argument': truncation from 'double' to 'GLfloat'
C:\Users\user\source\repos\slooonya\Obstacle-Course-Racing-Game\Obstacle-Course-Racing-Game\source.cpp(1233,23): warning C4244: 'argument': conversion from 'double' to 'GLfloat', possible loss of data
C:\Users\user\source\repos\slooonya\Obstacle-Course-Racing-Game\Obstacle-Course-Racing-Game\source.cpp(1242,23): warning C4244: 'argument': conversion from 'double' to 'GLfloat', possible loss of data
C:\Users\user\source\repos\slooonya\Obstacle-Course-Racing-Game\Obstacle-Course-Racing-Game\source.cpp(1253,23): warning C4244: 'argument': conversion from 'double' to 'GLfloat', possible loss of data
C:\Users\user\source\repos\slooonya\Obstacle-Course-Racing-Game\Obstacle-Course-Racing-Game\source.cpp(1269,31): warning C4244: 'argument': conversion from 'double' to 'GLfloat', possible loss of data
C:\Users\user\source\repos\slooonya\Obstacle-Course-Racing-Game\Obstacle-Course-Racing-Game\source.cpp(1292,52): warning C4244: 'argument': conversion from 'double' to 'GLfloat', possible loss of data
C:\Users\user\source\repos\slooonya\Obstacle-Course-Racing-Game\Obstacle-Course-Racing-Game\source.cpp(1296,56): warning C4305: 'argument': truncation from 'double' to 'GLfloat'
C:\Users\user\source\repos\slooonya\Obstacle-Course-Racing-Game\Obstacle-Course-Racing-Game\source.cpp(1297,55): warning C4305: 'argument': truncation from 'double' to 'GLfloat'
C:\Users\user\source\repos\slooonya\Obstacle-Course-Racing-Game\Obstacle-Course-Racing-Game\source.cpp(1298,55): warning C4305: 'argument': truncation from 'double' to 'GLfloat'
C:\Users\user\source\repos\slooonya\Obstacle-Course-Racing-Game\Obstacle-Course-Racing-Game\source.cpp(1300,52): warning C4305: 'argument': truncation from 'double' to 'GLfloat'
C:\Users\user\source\repos\slooonya\Obstacle-Course-Racing-Game\Obstacle-Course-Racing-Game\source.cpp(1400,31): warning C4244: 'argument': conversion from 'int' to 'GLfloat', possible loss of data
C:\Users\user\source\repos\slooonya\Obstacle-Course-Racing-Game\Obstacle-Course-Racing-Game\source.cpp(1401,35): warning C4244: 'argument': conversion from 'int' to 'GLfloat', possible loss of data
C:\Users\user\source\repos\slooonya\Obstacle-Course-Racing-Game\Obstacle-Course-Racing-Game\source.cpp(1406,27): warning C4244: 'initializing': conversion from 'int' to 'GLfloat', possible loss of data
C:\Users\user\source\repos\slooonya\Obstacle-Course-Racing-Game\Obstacle-Course-Racing-Game\source.cpp(1412,37): warning C4305: 'argument': truncation from 'double' to 'GLfloat'
C:\Users\user\source\repos\slooonya\Obstacle-Course-Racing-Game\Obstacle-Course-Racing-Game\source.cpp(1415,37): warning C4305: 'argument': truncation from 'double' to 'GLfloat'
C:\Users\user\source\repos\slooonya\Obstacle-Course-Racing-Game\Obstacle-Course-Racing-Game\source.cpp(1419,37): warning C4305: 'argument': truncation from 'double' to 'GLfloat'
C:\Users\user\source\repos\slooonya\Obstacle-Course-Racing-Game\Obstacle-Course-Racing-Game\source.cpp(1422,37): warning C4305: 'argument': truncation from 'double' to 'GLfloat'
C:\Users\user\source\repos\slooonya\Obstacle-Course-Racing-Game\Obstacle-Course-Racing-Game\source.cpp(1440,18): warning C4244: 'argument': conversion from 'int' to 'GLfloat', possible loss of data
C:\Users\user\source\repos\slooonya\Obstacle-Course-Racing-Game\Obstacle-Course-Racing-Game\source.cpp(1441,18): warning C4244: 'argument': conversion from 'int' to 'GLfloat', possible loss of data
C:\Users\user\source\repos\slooonya\Obstacle-Course-Racing-Game\Obstacle-Course-Racing-Game\source.cpp(1444,18): warning C4305: 'argument': truncation from 'double' to 'GLfloat'
C:\Users\user\source\repos\slooonya\Obstacle-Course-Racing-Game\Obstacle-Course-Racing-Game\source.cpp(1445,21): warning C4305: 'argument': truncation from 'double' to 'GLfloat'
C:\Users\user\source\repos\slooonya\Obstacle-Course-Racing-Game\Obstacle-Course-Racing-Game\source.cpp(1446,20): warning C4305: 'argument': truncation from 'double' to 'GLfloat'
C:\Users\user\source\repos\slooonya\Obstacle-Course-Racing-Game\Obstacle-Course-Racing-Game\source.cpp(1450,17): warning C4305: 'argument': truncation from 'double' to 'GLfloat'
C:\Users\user\source\repos\slooonya\Obstacle-Course-Racing-Game\Obstacle-Course-Racing-Game\source.cpp(1454,20): warning C4305: 'argument': truncation from 'double' to 'GLfloat'
C:\Users\user\source\repos\slooonya\Obstacle-Course-Racing-Game\Obstacle-Course-Racing-Game\source.cpp(1455,19): warning C4305: 'argument': truncation from 'double' to 'GLfloat'
C:\Users\user\source\repos\slooonya\Obstacle-Course-Racing-Game\Obstacle-Course-Racing-Game\source.cpp(1477,18): warning C4305: 'argument': truncation from 'double' to 'GLfloat'
C:\Users\user\source\repos\slooonya\Obstacle-Course-Racing-Game\Obstacle-Course-Racing-Game\source.cpp(1478,19): warning C4305: 'argument': truncation from 'double' to 'GLfloat'
C:\Users\user\source\repos\slooonya\Obstacle-Course-Racing-Game\Obstacle-Course-Racing-Game\source.cpp(1479,18): warning C4305: 'argument': truncation from 'double' to 'GLfloat'
C:\Users\user\source\repos\slooonya\Obstacle-Course-Racing-Game\Obstacle-Course-Racing-Game\source.cpp(1502,27): warning C4244: '+=': conversion from 'GLfloat' to 'GLint', possible loss of data
C:\Users\user\source\repos\slooonya\Obstacle-Course-Racing-Game\Obstacle-Course-Racing-Game\source.cpp(1508,25): warning C4305: '+=': truncation from 'double' to 'GLfloat'
C:\Users\user\source\repos\slooonya\Obstacle-Course-Racing-Game\Obstacle-Course-Racing-Game\source.cpp(1573,26): warning C4305: '-=': truncation from 'double' to 'GLfloat'
C:\Users\user\source\repos\slooonya\Obstacle-Course-Racing-Game\Obstacle-Course-Racing-Game\source.cpp(1580,26): warning C4305: '+=': truncation from 'double' to 'GLfloat'
C:\Users\user\source\repos\slooonya\Obstacle-Course-Racing-Game\Obstacle-Course-Racing-Game\source.cpp(1588,26): warning C4305: '-=': truncation from 'double' to 'GLfloat'
C:\Users\user\source\repos\slooonya\Obstacle-Course-Racing-Game\Obstacle-Course-Racing-Game\source.cpp(1595,26): warning C4305: '+=': truncation from 'double' to 'GLfloat'
LINK : warning LNK4098: defaultlib 'MSVCRT' conflicts with use of other libs; use /NODEFAULTLIB:library
  Obstacle-Course-Racing-Game.vcxproj -> C:\Users\user\source\repos\slooonya\Obstacle-Course-Racing-Game\x64\Debug\Obstacle-Course-Racing-Game.exe
